0 info it worked if it ends with ok
1 verbose cli [ 'f:\\Program Files (x86)\\nodejs\\node.exe',
1 verbose cli   'f:\\Program Files (x86)\\nodejs\\node_modules\\npm\\bin\\npm-cli.js',
1 verbose cli   'publish' ]
2 info using npm@1.1.66
3 info using node@v0.8.15
4 verbose publish [ '.' ]
5 verbose read json f:\Users\Paul\Eplex\WIN\JSWIN\cppnjs\package.json
6 verbose cache add [ '.', null ]
7 silly cache add name=undefined spec="." args=[".",null]
8 verbose parsed url { pathname: '.', path: '.', href: '.' }
9 silly lockFile 3a52ce78- .
10 verbose lock . F:\Users\Paul\AppData\Roaming\npm-cache\3a52ce78-.lock
11 verbose read json package.json
12 verbose tar pack [ 'F:\\Users\\Paul\\AppData\\Local\\Temp\\npm-13020\\1383270443578-0.7238792940042913\\tmp.tgz',
12 verbose tar pack   '.' ]
13 verbose tarball F:\Users\Paul\AppData\Local\Temp\npm-13020\1383270443578-0.7238792940042913\tmp.tgz
14 verbose folder .
15 info prepublish cppn@0.1.2-4
16 silly lockFile 8b6957b0-43578-0-7238792940042913-tmp-tgz F:\Users\Paul\AppData\Local\Temp\npm-13020\1383270443578-0.7238792940042913\tmp.tgz
17 verbose lock F:\Users\Paul\AppData\Local\Temp\npm-13020\1383270443578-0.7238792940042913\tmp.tgz F:\Users\Paul\AppData\Roaming\npm-cache\8b6957b0-43578-0-7238792940042913-tmp-tgz.lock
18 silly lockFile 8b6957b0-43578-0-7238792940042913-tmp-tgz F:\Users\Paul\AppData\Local\Temp\npm-13020\1383270443578-0.7238792940042913\tmp.tgz
19 verbose tar unpack F:\Users\Paul\AppData\Local\Temp\npm-13020\1383270443578-0.7238792940042913\tmp.tgz
20 silly lockFile 52a10ad8-43578-0-7238792940042913-package F:\Users\Paul\AppData\Local\Temp\npm-13020\1383270443578-0.7238792940042913\package
21 verbose lock F:\Users\Paul\AppData\Local\Temp\npm-13020\1383270443578-0.7238792940042913\package F:\Users\Paul\AppData\Roaming\npm-cache\52a10ad8-43578-0-7238792940042913-package.lock
22 silly gunzTarPerm modes [ '755', '644' ]
23 silly gunzTarPerm extractEntry package.json
24 silly gunzTarPerm modified mode [ 'package.json', 438, 420 ]
25 silly gunzTarPerm extractEntry .npmignore
26 silly gunzTarPerm modified mode [ '.npmignore', 438, 420 ]
27 silly gunzTarPerm extractEntry README.md
28 silly gunzTarPerm modified mode [ 'README.md', 438, 420 ]
29 silly gunzTarPerm extractEntry cppnjs.js
30 silly gunzTarPerm modified mode [ 'cppnjs.js', 438, 420 ]
31 silly gunzTarPerm extractEntry activationFunctions/cppnActivationFactory.js
32 silly gunzTarPerm modified mode [ 'activationFunctions/cppnActivationFactory.js', 438, 420 ]
33 silly gunzTarPerm extractEntry activationFunctions/cppnActivationFunctions.js
34 silly gunzTarPerm modified mode [ 'activationFunctions/cppnActivationFunctions.js', 438, 420 ]
35 silly gunzTarPerm extractEntry components/cppnConnection.js
36 silly gunzTarPerm modified mode [ 'components/cppnConnection.js', 438, 420 ]
37 silly gunzTarPerm extractEntry components/cppnNode.js
38 silly gunzTarPerm modified mode [ 'components/cppnNode.js', 438, 420 ]
39 silly gunzTarPerm extractEntry cppns/cppn.js
40 silly gunzTarPerm modified mode [ 'cppns/cppn.js', 438, 420 ]
41 silly gunzTarPerm extractEntry utility/cppnToGPU.js
42 silly gunzTarPerm modified mode [ 'utility/cppnToGPU.js', 438, 420 ]
43 silly gunzTarPerm extractEntry utility/utilities.js
44 silly gunzTarPerm modified mode [ 'utility/utilities.js', 438, 420 ]
45 verbose read json F:\Users\Paul\AppData\Local\Temp\npm-13020\1383270443578-0.7238792940042913\package\package.json
46 silly lockFile 52a10ad8-43578-0-7238792940042913-package F:\Users\Paul\AppData\Local\Temp\npm-13020\1383270443578-0.7238792940042913\package
47 verbose from cache F:\Users\Paul\AppData\Local\Temp\npm-13020\1383270443578-0.7238792940042913\package\package.json
48 verbose tar pack [ 'F:\\Users\\Paul\\AppData\\Roaming\\npm-cache\\cppn\\0.1.2-4\\package.tgz',
48 verbose tar pack   'F:\\Users\\Paul\\AppData\\Local\\Temp\\npm-13020\\1383270443578-0.7238792940042913\\package' ]
49 verbose tarball F:\Users\Paul\AppData\Roaming\npm-cache\cppn\0.1.2-4\package.tgz
50 verbose folder F:\Users\Paul\AppData\Local\Temp\npm-13020\1383270443578-0.7238792940042913\package
51 silly lockFile e08f79d5-m-cache-cppn-0-1-2-4-package-tgz F:\Users\Paul\AppData\Roaming\npm-cache\cppn\0.1.2-4\package.tgz
52 verbose lock F:\Users\Paul\AppData\Roaming\npm-cache\cppn\0.1.2-4\package.tgz F:\Users\Paul\AppData\Roaming\npm-cache\e08f79d5-m-cache-cppn-0-1-2-4-package-tgz.lock
53 silly lockFile e08f79d5-m-cache-cppn-0-1-2-4-package-tgz F:\Users\Paul\AppData\Roaming\npm-cache\cppn\0.1.2-4\package.tgz
54 silly lockFile 919d8532-g-npm-cache-cppn-0-1-2-4-package F:\Users\Paul\AppData\Roaming\npm-cache\cppn\0.1.2-4\package
55 verbose lock F:\Users\Paul\AppData\Roaming\npm-cache\cppn\0.1.2-4\package F:\Users\Paul\AppData\Roaming\npm-cache\919d8532-g-npm-cache-cppn-0-1-2-4-package.lock
56 silly lockFile 919d8532-g-npm-cache-cppn-0-1-2-4-package F:\Users\Paul\AppData\Roaming\npm-cache\cppn\0.1.2-4\package
57 verbose tar unpack F:\Users\Paul\AppData\Roaming\npm-cache\cppn\0.1.2-4\package.tgz
58 silly lockFile 919d8532-g-npm-cache-cppn-0-1-2-4-package F:\Users\Paul\AppData\Roaming\npm-cache\cppn\0.1.2-4\package
59 verbose lock F:\Users\Paul\AppData\Roaming\npm-cache\cppn\0.1.2-4\package F:\Users\Paul\AppData\Roaming\npm-cache\919d8532-g-npm-cache-cppn-0-1-2-4-package.lock
60 silly gunzTarPerm modes [ '755', '644' ]
61 silly gunzTarPerm extractEntry package.json
62 silly gunzTarPerm modified mode [ 'package.json', 438, 420 ]
63 silly gunzTarPerm extractEntry .npmignore
64 silly gunzTarPerm modified mode [ '.npmignore', 438, 420 ]
65 silly gunzTarPerm extractEntry README.md
66 silly gunzTarPerm modified mode [ 'README.md', 438, 420 ]
67 silly gunzTarPerm extractEntry cppnjs.js
68 silly gunzTarPerm modified mode [ 'cppnjs.js', 438, 420 ]
69 silly gunzTarPerm extractEntry activationFunctions/cppnActivationFactory.js
70 silly gunzTarPerm modified mode [ 'activationFunctions/cppnActivationFactory.js', 438, 420 ]
71 silly gunzTarPerm extractEntry activationFunctions/cppnActivationFunctions.js
72 silly gunzTarPerm modified mode [ 'activationFunctions/cppnActivationFunctions.js', 438, 420 ]
73 silly gunzTarPerm extractEntry components/cppnConnection.js
74 silly gunzTarPerm modified mode [ 'components/cppnConnection.js', 438, 420 ]
75 silly gunzTarPerm extractEntry components/cppnNode.js
76 silly gunzTarPerm modified mode [ 'components/cppnNode.js', 438, 420 ]
77 silly gunzTarPerm extractEntry cppns/cppn.js
78 silly gunzTarPerm modified mode [ 'cppns/cppn.js', 438, 420 ]
79 silly gunzTarPerm extractEntry utility/cppnToGPU.js
80 silly gunzTarPerm modified mode [ 'utility/cppnToGPU.js', 438, 420 ]
81 silly gunzTarPerm extractEntry utility/utilities.js
82 silly gunzTarPerm modified mode [ 'utility/utilities.js', 438, 420 ]
83 verbose read json F:\Users\Paul\AppData\Roaming\npm-cache\cppn\0.1.2-4\package\package.json
84 silly lockFile 919d8532-g-npm-cache-cppn-0-1-2-4-package F:\Users\Paul\AppData\Roaming\npm-cache\cppn\0.1.2-4\package
85 silly shasum updated bytes 15883
86 info shasum 0036d632419e61fbb291d3ea166f202fe458150d
86 info shasum F:\Users\Paul\AppData\Roaming\npm-cache\cppn\0.1.2-4\package.tgz
87 verbose from cache F:\Users\Paul\AppData\Roaming\npm-cache\cppn\0.1.2-4\package\package.json
88 verbose chmod F:\Users\Paul\AppData\Roaming\npm-cache\cppn\0.1.2-4\package.tgz 644
89 silly chown skipping for windows F:\Users\Paul\AppData\Roaming\npm-cache\cppn\0.1.2-4\package.tgz
90 silly lockFile 3a52ce78- .
91 silly publish { name: 'cppn',
91 silly publish   description: 'Compositional Pattern Producing Networks (CPPN), a form of Artificial Neural Network with differing activation functions, implemented in Javascript with Mocha tests for verification',
91 silly publish   keywords: [ 'Neural Networks', 'ANN', 'CPPN', 'NEAT' ],
91 silly publish   author:
91 silly publish    { name: 'Paul Szerlip',
91 silly publish      email: 'Paul.Szerlip@cs.ucf.edu',
91 silly publish      url: 'http://designforcode.com/' },
91 silly publish   version: '0.1.2-4',
91 silly publish   main: 'cppnjs.js',
91 silly publish   repository:
91 silly publish    { type: 'git',
91 silly publish      url: 'https://github.com/OptimusLime/cppnjs.git' },
91 silly publish   bugs: 'https://github.com/OptimusLime/cppnjs/issues',
91 silly publish   license: 'MIT',
91 silly publish   devDependencies: { mocha: '1.1.x', should: '1.1.x' },
91 silly publish   readme: 'CPPN.js\r\n=======\r\n\r\nNode module for Compositional Pattern Producing Networks, now in a javascript library near you!\r\n\r\nTests are run through Mocha and should.js. Activation functions and cppns are tested against the HyperNEAT C# code from Sebastian Risi\'s work.\r\n\r\nThis library is used by the neatjs library and the winjs library as well, usually as an NPM module -- but can be used inside HTML.\r\n\r\n(links to follow someday...)\r\n\r\nUsage: \r\n\r\nvar cppnjs = require(\'cppn\');\r\n\r\n-- (to follow some day)\r\n\r\n',
91 silly publish   readmeFilename: 'README.md',
91 silly publish   _id: 'cppn@0.1.2-4',
91 silly publish   dist: { shasum: '0036d632419e61fbb291d3ea166f202fe458150d' } }
92 verbose url raw cppn
93 verbose url resolving [ 'https://registry.npmjs.org/', './cppn' ]
94 verbose url resolved https://registry.npmjs.org/cppn
95 info trying registry request attempt 1 at 21:47:24
96 http PUT https://registry.npmjs.org/cppn
97 http 409 https://registry.npmjs.org/cppn
98 verbose url raw cppn
99 verbose url resolving [ 'https://registry.npmjs.org/', './cppn' ]
100 verbose url resolved https://registry.npmjs.org/cppn
101 info trying registry request attempt 1 at 21:47:25
102 http GET https://registry.npmjs.org/cppn
103 http 200 https://registry.npmjs.org/cppn
104 error publish fail Cannot publish over existing version.
104 error publish fail Bump the 'version' field, set the --force flag, or
104 error publish fail     npm unpublish 'cppn@0.1.2-4'
104 error publish fail and try again
105 error System Windows_NT 6.1.7601
106 error command "f:\\Program Files (x86)\\nodejs\\node.exe" "f:\\Program Files (x86)\\nodejs\\node_modules\\npm\\bin\\npm-cli.js" "publish"
107 error cwd f:\Users\Paul\Eplex\WIN\JSWIN\cppnjs
108 error node -v v0.8.15
109 error npm -v 1.1.66
110 error code EPUBLISHCONFLICT
111 verbose exit [ 1, true ]
